PLINK v1.90b7 64-bit (16 Jan 2023)
Options in effect:
  --assoc
  --bfile 01-DATA-RAW/hapmap1
  --out 04-RESULTS/as1

Hostname: CLT-1095-2310C
Working directory: C:\Users\jkitt\03-CODING\04-TUTORIALS\PLINK_IN_R
Start time: Mon Mar 18 15:35:44 2024

Random number seed: 1710772544
32408 MB RAM detected; reserving 16204 MB for main workspace.
83534 variants loaded from .bim file.
89 people (89 males, 0 females) loaded from .fam.
89 phenotype values loaded from .fam.
Using 1 thread (no multithreaded calculations invoked).
Before main variant filters, 89 founders and 0 nonfounders present.
Calculating allele frequencies... done.
Total genotyping rate is 0.99441.
83534 variants and 89 people pass filters and QC.
Among remaining phenotypes, 44 are cases and 45 are controls.
Writing C/C --assoc report to 04-RESULTS/as1.assoc ...
done.

End time: Mon Mar 18 15:35:45 2024
