PLINK v1.90b7 64-bit (16 Jan 2023)
Options in effect:
  --bfile 01-DATA-RAW/hapmap1
  --freq
  --out 04-RESULTS/snp1_frq_stat
  --snp rs1891905
  --within 01-DATA-RAW/pop.phe

Hostname: CLT-1095-2310C
Working directory: C:\Users\jkitt\03-CODING\04-TUTORIALS\PLINK_IN_R
Start time: Mon Mar 18 15:10:25 2024

Random number seed: 1710771025
32408 MB RAM detected; reserving 16204 MB for main workspace.
1 out of 83534 variants loaded from .bim file.
89 people (89 males, 0 females) loaded from .fam.
89 phenotype values loaded from .fam.
--within: 2 clusters loaded, covering a total of 89 people.
Using 1 thread (no multithreaded calculations invoked).
Before main variant filters, 89 founders and 0 nonfounders present.
Calculating allele frequencies... done.
Total genotyping rate is exactly 1.
--freq: Cluster-stratified allele frequencies (founders only) written to
04-RESULTS/snp1_frq_stat.frq.strat .

End time: Mon Mar 18 15:10:26 2024
